Using pre-set license
Built from '2022.3/staging' branch; Version is '2022.3.19f1 (244b723c30a6) revision 2378610'; Using compiler version '192829333'; Build Type 'Release'
OS: 'Windows 10  (10.0.19045) 64bit Professional' Language: 'es' Physical Memory: 24460 MB
BatchMode: 1, IsHumanControllingUs: 0, StartBugReporterOnCrash: 0, Is64bit: 1, IsPro: 1

COMMAND LINE ARGUMENTS:
C:\Program Files\Unity\Hub\Editor\2022.3.19f1\Editor\Unity.exe
-adb2
-batchMode
-noUpm
-name
AssetImportWorker1
-projectPath
C:/Users/LAB05-19/Desktop/Trabajo 1 Taller/Primer-Trabajo-Taller-3-2024
-logFile
Logs/AssetImportWorker1.log
-srvPort
52761
Successfully changed project path to: C:/Users/LAB05-19/Desktop/Trabajo 1 Taller/Primer-Trabajo-Taller-3-2024
C:/Users/LAB05-19/Desktop/Trabajo 1 Taller/Primer-Trabajo-Taller-3-2024
[UnityMemory] Configuration Parameters - Can be set up in boot.config
    "memorysetup-bucket-allocator-granularity=16"
    "memorysetup-bucket-allocator-bucket-count=8"
    "memorysetup-bucket-allocator-block-size=33554432"
    "memorysetup-bucket-allocator-block-count=8"
    "memorysetup-main-allocator-block-size=16777216"
    "memorysetup-thread-allocator-block-size=16777216"
    "memorysetup-gfx-main-allocator-block-size=16777216"
    "memorysetup-gfx-thread-allocator-block-size=16777216"
    "memorysetup-cache-allocator-block-size=4194304"
    "memorysetup-typetree-allocator-block-size=2097152"
    "memorysetup-profiler-bucket-allocator-granularity=16"
    "memorysetup-profiler-bucket-allocator-bucket-count=8"
    "memorysetup-profiler-bucket-allocator-block-size=33554432"
    "memorysetup-profiler-bucket-allocator-block-count=8"
    "memorysetup-profiler-allocator-block-size=16777216"
    "memorysetup-profiler-editor-allocator-block-size=1048576"
    "memorysetup-temp-allocator-size-main=16777216"
    "memorysetup-job-temp-allocator-block-size=2097152"
    "memorysetup-job-temp-allocator-block-size-background=1048576"
    "memorysetup-job-temp-allocator-reduction-small-platforms=262144"
    "memorysetup-allocator-temp-initial-block-size-main=262144"
    "memorysetup-allocator-temp-initial-block-size-worker=262144"
    "memorysetup-temp-allocator-size-background-worker=32768"
    "memorysetup-temp-allocator-size-job-worker=262144"
    "memorysetup-temp-allocator-size-preload-manager=33554432"
    "memorysetup-temp-allocator-size-nav-mesh-worker=65536"
    "memorysetup-temp-allocator-size-audio-worker=65536"
    "memorysetup-temp-allocator-size-cloud-worker=32768"
    "memorysetup-temp-allocator-size-gi-baking-worker=262144"
    "memorysetup-temp-allocator-size-gfx=262144"
Player connection [16716] Host "[IP] 100.0.0.103 [Port] 0 [Flags] 2 [Guid] 1636031308 [EditorId] 1636031308 [Version] 1048832 [Id] WindowsEditor(7,LAB05-19) [Debug] 1 [PackageName] WindowsEditor [ProjectName] Editor" joined multi-casting on [225.0.0.222:54997]...

Player connection [16716] Host "[IP] 100.0.0.103 [Port] 0 [Flags] 2 [Guid] 1636031308 [EditorId] 1636031308 [Version] 1048832 [Id] WindowsEditor(7,LAB05-19) [Debug] 1 [PackageName] WindowsEditor [ProjectName] Editor" joined alternative multi-casting on [225.0.0.222:34997]...

[Physics::Module] Initialized MultithreadedJobDispatcher with 15 workers.
Refreshing native plugins compatible for Editor in 10.72 ms, found 4 plugins.
Preloading 0 native plugins for Editor in 0.00 ms.
Initialize engine version: 2022.3.19f1 (244b723c30a6)
[Subsystems] Discovering subsystems at path C:/Program Files/Unity/Hub/Editor/2022.3.19f1/Editor/Data/Resources/UnitySubsystems
[Subsystems] Discovering subsystems at path C:/Users/LAB05-19/Desktop/Trabajo 1 Taller/Primer-Trabajo-Taller-3-2024/Assets
GfxDevice: creating device client; threaded=0; jobified=0
Direct3D:
    Version:  Direct3D 11.0 [level 11.1]
    Renderer: NVIDIA GeForce GTX 1650 (ID=0x1f82)
    Vendor:   NVIDIA
    VRAM:     3949 MB
    Driver:   31.0.15.3623
Initialize mono
Mono path[0] = 'C:/Program Files/Unity/Hub/Editor/2022.3.19f1/Editor/Data/Managed'
Mono path[1] = 'C:/Program Files/Unity/Hub/Editor/2022.3.19f1/Editor/Data/MonoBleedingEdge/lib/mono/unityjit-win32'
Mono config path = 'C:/Program Files/Unity/Hub/Editor/2022.3.19f1/Editor/Data/MonoBleedingEdge/etc'
Using monoOptions --debugger-agent=transport=dt_socket,embedding=1,server=y,suspend=n,address=127.0.0.1:56708
Begin MonoManager ReloadAssembly
Registering precompiled unity dll's ...
Register platform support module: C:/Program Files/Unity/Hub/Editor/2022.3.19f1/Editor/Data/PlaybackEngines/WebGLSupport/UnityEditor.WebGL.Extensions.dll
Register platform support module: C:/Program Files/Unity/Hub/Editor/2022.3.19f1/Editor/Data/PlaybackEngines/AndroidPlayer/UnityEditor.Android.Extensions.dll
Register platform support module: C:/Program Files/Unity/Hub/Editor/2022.3.19f1/Editor/Data/PlaybackEngines/iOSSupport/UnityEditor.iOS.Extensions.dll
Register platform support module: C:/Program Files/Unity/Hub/Editor/2022.3.19f1/Editor/Data/PlaybackEngines/WindowsStandaloneSupport/UnityEditor.WindowsStandalone.Extensions.dll
Registered in 0.011595 seconds.
- Loaded All Assemblies, in  0.354 seconds
Native extension for WindowsStandalone target not found
[usbmuxd] Start listen thread
[usbmuxd] Listen thread started
Native extension for iOS target not found
Native extension for Android target not found
Android Extension - Scanning For ADB Devices 168 ms
Native extension for WebGL target not found
Mono: successfully reloaded assembly
- Finished resetting the current domain, in  0.493 seconds
Domain Reload Profiling: 845ms
	BeginReloadAssembly (100ms)
		ExecutionOrderSort (0ms)
		DisableScriptedObjects (0ms)
		BackupInstance (0ms)
		ReleaseScriptingObjects (0ms)
		CreateAndSetChildDomain (1ms)
	RebuildCommonClasses (35ms)
	RebuildNativeTypeToScriptingClass (10ms)
	initialDomainReloadingComplete (61ms)
	LoadAllAssembliesAndSetupDomain (144ms)
		LoadAssemblies (99ms)
		RebuildTransferFunctionScriptingTraits (0ms)
		AnalyzeDomain (141ms)
			TypeCache.Refresh (140ms)
				TypeCache.ScanAssembly (127ms)
			ScanForSourceGeneratedMonoScriptInfo (0ms)
			ResolveRequiredComponents (0ms)
	FinalizeReload (494ms)
		ReleaseScriptCaches (0ms)
		RebuildScriptCaches (0ms)
		SetupLoadedEditorAssemblies (439ms)
			LogAssemblyErrors (0ms)
			InitializePlatformSupportModulesInManaged (283ms)
			SetLoadedEditorAssemblies (3ms)
			RefreshPlugins (0ms)
			BeforeProcessingInitializeOnLoad (2ms)
			ProcessInitializeOnLoadAttributes (112ms)
			ProcessInitializeOnLoadMethodAttributes (39ms)
			AfterProcessingInitializeOnLoad (0ms)
			EditorAssembliesLoaded (0ms)
		ExecutionOrderSort2 (0ms)
		AwakeInstancesAfterBackupRestoration (0ms)
========================================================================
Worker process is ready to serve import requests
Begin MonoManager ReloadAssembly
- Loaded All Assemblies, in  0.722 seconds
Refreshing native plugins compatible for Editor in 5.14 ms, found 4 plugins.
Native extension for WindowsStandalone target not found
Native extension for iOS target not found
Native extension for Android target not found
Native extension for WebGL target not found
Package Manager log level set to [2]
[Package Manager] Server::EnsureServerProcessIsRunning -- launch failed, reason: Unity was launched with the -noUpm command-line argument
[Package Manager] UpmClient::Send -- Unable to send message (not connected to UPM process).
[Package Manager] Cannot connect to Unity Package Manager local server
Mono: successfully reloaded assembly
- Finished resetting the current domain, in  0.707 seconds
Domain Reload Profiling: 1424ms
	BeginReloadAssembly (136ms)
		ExecutionOrderSort (0ms)
		DisableScriptedObjects (5ms)
		BackupInstance (0ms)
		ReleaseScriptingObjects (0ms)
		CreateAndSetChildDomain (21ms)
	RebuildCommonClasses (32ms)
	RebuildNativeTypeToScriptingClass (10ms)
	initialDomainReloadingComplete (41ms)
	LoadAllAssembliesAndSetupDomain (498ms)
		LoadAssemblies (342ms)
		RebuildTransferFunctionScriptingTraits (0ms)
		AnalyzeDomain (234ms)
			TypeCache.Refresh (195ms)
				TypeCache.ScanAssembly (173ms)
			ScanForSourceGeneratedMonoScriptInfo (28ms)
			ResolveRequiredComponents (10ms)
	FinalizeReload (707ms)
		ReleaseScriptCaches (0ms)
		RebuildScriptCaches (0ms)
		SetupLoadedEditorAssemblies (522ms)
			LogAssemblyErrors (0ms)
			InitializePlatformSupportModulesInManaged (33ms)
			SetLoadedEditorAssemblies (4ms)
			RefreshPlugins (0ms)
			BeforeProcessingInitializeOnLoad (91ms)
			ProcessInitializeOnLoadAttributes (310ms)
			ProcessInitializeOnLoadMethodAttributes (75ms)
			AfterProcessingInitializeOnLoad (8ms)
			EditorAssembliesLoaded (0ms)
		ExecutionOrderSort2 (0ms)
		AwakeInstancesAfterBackupRestoration (5ms)
Launched and connected shader compiler UnityShaderCompiler.exe after 0.03 seconds
Refreshing native plugins compatible for Editor in 4.73 ms, found 4 plugins.
Preloading 0 native plugins for Editor in 0.00 ms.
Unloading 5894 Unused Serialized files (Serialized files now loaded: 0)
Unloading 98 unused Assets / (421.6 KB). Loaded Objects now: 6355.
Memory consumption went from 231.6 MB to 231.2 MB.
Total: 3.964600 ms (FindLiveObjects: 0.584100 ms CreateObjectMapping: 0.553000 ms MarkObjects: 2.627700 ms  DeleteObjects: 0.199200 ms)

AssetImportParameters requested are different than current active one (requested -> active):
  custom:container-demuxer-ogg: 62fdf1f143b41e24485cea50d1cbac27 -> 
  custom:video-decoder-ogg-theora: a1e56fd34408186e4bbccfd4996cb3dc -> 
  custom:framework-win-MediaFoundation: 216162199b28c13a410421893ffa2e32 -> 
  custom:CustomObjectIndexerAttribute: 62b5816608c3102f162a1797e29626cf -> 
  custom:container-demuxer-webm: 4f35f7cbe854078d1ac9338744f61a02 -> 
  custom:container-muxer-webm: aa71ff27fc2769a1b78a27578f13a17b -> 
  custom:video-decoder-webm-vp8: 9c59270c3fd7afecdb556c50c9e8de78 -> 
  custom:SearchIndexIgnoredProperties: e643bd26f0fe6173181afceb89e7c659 -> 
  custom:AudioImporter_EditorPlatform: d09bf68614088b80899f8185d706f6e7 -> 
  custom:video-encoder-webm-vp8: eb34c28f22e8b96e1ab97ce403110664 -> 
  custom:audio-decoder-ogg-vorbis: bf7c407c2cedff20999df2af8eb42d56 -> 
  custom:audio-encoder-webm-vorbis: bf7c407c2cedff20999df2af8eb42d56 -> 
Thread 0000000000003924 may have been prematurely finalized
Thread 0000000000003924 may have been prematurely finalized
========================================================================
Received Import Request.
  Time since last request: 4527.884720 seconds.
  path: Assets/materiales/destelloAzul.mat
  artifactKey: Guid(53b23b1502fee8149adaa767b766d879) Importer(2089858483,0ecaa5967403d082aa24f35e1b516d23)
Start importing Assets/materiales/destelloAzul.mat using Guid(53b23b1502fee8149adaa767b766d879) Importer(2089858483,0ecaa5967403d082aa24f35e1b516d23) Generated GUIDs only implemented for interfaces!
 -> (artifact id: '1c6d3f00c50443e12442399129112cdd') in 0.166435 seconds
Number of updated asset objects reloaded before import = 0
Number of asset objects unloaded after import = 2
========================================================================
Received Import Request.
  Time since last request: 0.000017 seconds.
  path: Assets/Audios/Sound FX/ImpactosEnemigos/impactoEnemigo1.mp3
  artifactKey: Guid(c484c2cde4cd3d44693004bb5135e740) Importer(2089858483,0ecaa5967403d082aa24f35e1b516d23)
Start importing Assets/Audios/Sound FX/ImpactosEnemigos/impactoEnemigo1.mp3 using Guid(c484c2cde4cd3d44693004bb5135e740) Importer(2089858483,0ecaa5967403d082aa24f35e1b516d23) Generated GUIDs only implemented for interfaces!
 -> (artifact id: 'fe8ca58401386b82eaf1c30752492ed8') in 0.066204 seconds
Number of updated asset objects reloaded before import = 0
Number of asset objects unloaded after import = 1
========================================================================
Received Import Request.
  Time since last request: 0.000025 seconds.
  path: Assets/Audios/Sound FX/Explosiones/explosion1.wav
  artifactKey: Guid(0f77a6af59eef764683315924c989c7c) Importer(2089858483,0ecaa5967403d082aa24f35e1b516d23)
Start importing Assets/Audios/Sound FX/Explosiones/explosion1.wav using Guid(0f77a6af59eef764683315924c989c7c) Importer(2089858483,0ecaa5967403d082aa24f35e1b516d23) Generated GUIDs only implemented for interfaces!
 -> (artifact id: '14ced9e384f2aab53e8e526ef09bd485') in 0.048555 seconds
Number of updated asset objects reloaded before import = 0
Number of asset objects unloaded after import = 1
========================================================================
Received Import Request.
  Time since last request: 0.000013 seconds.
  path: Assets/Prefabs/ExplosionMuere.prefab
  artifactKey: Guid(675b7dd2766d5854ab2b183c3a06da13) Importer(2089858483,0ecaa5967403d082aa24f35e1b516d23)
Start importing Assets/Prefabs/ExplosionMuere.prefab using Guid(675b7dd2766d5854ab2b183c3a06da13) Importer(2089858483,0ecaa5967403d082aa24f35e1b516d23) Generated GUIDs only implemented for interfaces!
 -> (artifact id: '1a221bddbdb750774885cedd5a7b8b7d') in 0.075150 seconds
Number of updated asset objects reloaded before import = 0
Number of asset objects unloaded after import = 7
========================================================================
Received Import Request.
  Time since last request: 0.000019 seconds.
  path: Assets/materiales/explosionEnemigo.mat
  artifactKey: Guid(c66b580fb1df9d7438d186b74d8fba49) Importer(2089858483,0ecaa5967403d082aa24f35e1b516d23)
Start importing Assets/materiales/explosionEnemigo.mat using Guid(c66b580fb1df9d7438d186b74d8fba49) Importer(2089858483,0ecaa5967403d082aa24f35e1b516d23) Generated GUIDs only implemented for interfaces!
 -> (artifact id: '1a185b09b85ddb230c66cd940a59bacf') in 0.004897 seconds
Number of updated asset objects reloaded before import = 0
Number of asset objects unloaded after import = 1
========================================================================
Received Import Request.
  Time since last request: 0.000013 seconds.
  path: Assets/Scenes/SampleScene/Global Volume Profile.asset
  artifactKey: Guid(14bd3308d81725e40a2a008f88af07f2) Importer(2089858483,0ecaa5967403d082aa24f35e1b516d23)
Start importing Assets/Scenes/SampleScene/Global Volume Profile.asset using Guid(14bd3308d81725e40a2a008f88af07f2) Importer(2089858483,0ecaa5967403d082aa24f35e1b516d23) Generated GUIDs only implemented for interfaces!
 -> (artifact id: 'f11f97d148274f289b76d960f43d1c3d') in 0.015720 seconds
Number of updated asset objects reloaded before import = 0
Number of asset objects unloaded after import = 2
========================================================================
Received Import Request.
  Time since last request: 0.000015 seconds.
  path: Assets/Scripts/SonidosGameObject.cs
  artifactKey: Guid(2373386b39bf51847ac65d428d62ea7f) Importer(2089858483,0ecaa5967403d082aa24f35e1b516d23)
Start importing Assets/Scripts/SonidosGameObject.cs using Guid(2373386b39bf51847ac65d428d62ea7f) Importer(2089858483,0ecaa5967403d082aa24f35e1b516d23) Generated GUIDs only implemented for interfaces!
 -> (artifact id: '4fc75aeacfddb9a85ed040c0568fbfd3') in 0.004124 seconds
Number of updated asset objects reloaded before import = 0
Number of asset objects unloaded after import = 1
========================================================================
Received Import Request.
  Time since last request: 0.000015 seconds.
  path: Assets/Audios/Sound FX/Enemigos/muere1.wav
  artifactKey: Guid(dc5c1a7613f1d5a43a4928fe025676be) Importer(2089858483,0ecaa5967403d082aa24f35e1b516d23)
Start importing Assets/Audios/Sound FX/Enemigos/muere1.wav using Guid(dc5c1a7613f1d5a43a4928fe025676be) Importer(2089858483,0ecaa5967403d082aa24f35e1b516d23) Generated GUIDs only implemented for interfaces!
 -> (artifact id: '9afd436b0e36b195c75d6a79a2699363') in 0.047603 seconds
Number of updated asset objects reloaded before import = 0
Number of asset objects unloaded after import = 1
========================================================================
Received Import Request.
  Time since last request: 0.000022 seconds.
  path: Assets/Audios/Sound FX/Aterrizaje/aterrizaje1.wav
  artifactKey: Guid(7e9189cc59f702146b216600c553fa2b) Importer(2089858483,0ecaa5967403d082aa24f35e1b516d23)
Start importing Assets/Audios/Sound FX/Aterrizaje/aterrizaje1.wav using Guid(7e9189cc59f702146b216600c553fa2b) Importer(2089858483,0ecaa5967403d082aa24f35e1b516d23) Generated GUIDs only implemented for interfaces!
 -> (artifact id: 'afa8e17c9a08c88b27f0e1c221bdfd9f') in 0.045724 seconds
Number of updated asset objects reloaded before import = 0
Number of asset objects unloaded after import = 1
========================================================================
Received Import Request.
  Time since last request: 0.000019 seconds.
  path: Assets/Animaciones/Enemigo/hit.anim
  artifactKey: Guid(90bb448e6beab4f4998285959c468635) Importer(2089858483,0ecaa5967403d082aa24f35e1b516d23)
Start importing Assets/Animaciones/Enemigo/hit.anim using Guid(90bb448e6beab4f4998285959c468635) Importer(2089858483,0ecaa5967403d082aa24f35e1b516d23) Generated GUIDs only implemented for interfaces!
 -> (artifact id: '410727b6fff8d61db767662655d5dfe6') in 0.005828 seconds
Number of updated asset objects reloaded before import = 0
Number of asset objects unloaded after import = 1
========================================================================
Received Import Request.
  Time since last request: 0.000017 seconds.
  path: Assets/Settings/UniversalRP.asset
  artifactKey: Guid(681886c5eb7344803b6206f758bf0b1c) Importer(2089858483,0ecaa5967403d082aa24f35e1b516d23)
Start importing Assets/Settings/UniversalRP.asset using Guid(681886c5eb7344803b6206f758bf0b1c) Importer(2089858483,0ecaa5967403d082aa24f35e1b516d23) Generated GUIDs only implemented for interfaces!
 -> (artifact id: 'ae363deade323a6811d9f396678024ce') in 0.028253 seconds
Number of updated asset objects reloaded before import = 0
Number of asset objects unloaded after import = 1
========================================================================
Received Import Request.
  Time since last request: 0.000012 seconds.
  path: Assets/Audios/Sound FX/Salto/Salto1.wav
  artifactKey: Guid(4431f52018d32894cb075b2d08377d6c) Importer(2089858483,0ecaa5967403d082aa24f35e1b516d23)
Start importing Assets/Audios/Sound FX/Salto/Salto1.wav using Guid(4431f52018d32894cb075b2d08377d6c) Importer(2089858483,0ecaa5967403d082aa24f35e1b516d23) Generated GUIDs only implemented for interfaces!
 -> (artifact id: 'e9d3842caabc3ef05bb81b2d796f535b') in 0.053752 seconds
Number of updated asset objects reloaded before import = 0
Number of asset objects unloaded after import = 1
========================================================================
Received Import Request.
  Time since last request: 0.000014 seconds.
  path: Assets/materiales/efectoBala 1.mat
  artifactKey: Guid(46d54b9716b4f3f448d0971fcf4d690d) Importer(2089858483,0ecaa5967403d082aa24f35e1b516d23)
Start importing Assets/materiales/efectoBala 1.mat using Guid(46d54b9716b4f3f448d0971fcf4d690d) Importer(2089858483,0ecaa5967403d082aa24f35e1b516d23) Generated GUIDs only implemented for interfaces!
 -> (artifact id: '72b2402c5247b0690471c3e80e0f6b84') in 0.004897 seconds
Number of updated asset objects reloaded before import = 0
Number of asset objects unloaded after import = 1
========================================================================
Received Import Request.
  Time since last request: 0.000015 seconds.
  path: Assets/Audios/Sound FX/Pasos/paso4.wav
  artifactKey: Guid(10fd7ca15ec882245bfb04bdccd3e490) Importer(2089858483,0ecaa5967403d082aa24f35e1b516d23)
Start importing Assets/Audios/Sound FX/Pasos/paso4.wav using Guid(10fd7ca15ec882245bfb04bdccd3e490) Importer(2089858483,0ecaa5967403d082aa24f35e1b516d23) Generated GUIDs only implemented for interfaces!
 -> (artifact id: 'd90cb0d721a1ee516ab848b0f9dd9617') in 0.046358 seconds
Number of updated asset objects reloaded before import = 0
Number of asset objects unloaded after import = 1
========================================================================
Received Import Request.
  Time since last request: 0.000013 seconds.
  path: Assets/Audios/Librerias de Audio/Muertes.asset
  artifactKey: Guid(c0ae76449513c9742bc8cd4dd78526c3) Importer(2089858483,0ecaa5967403d082aa24f35e1b516d23)
Start importing Assets/Audios/Librerias de Audio/Muertes.asset using Guid(c0ae76449513c9742bc8cd4dd78526c3) Importer(2089858483,0ecaa5967403d082aa24f35e1b516d23) Generated GUIDs only implemented for interfaces!
 -> (artifact id: '1ec17ed5585890557c126a91ca17ddb0') in 0.014306 seconds
Number of updated asset objects reloaded before import = 0
Number of asset objects unloaded after import = 4
========================================================================
Received Import Request.
  Time since last request: 0.000014 seconds.
  path: Assets/Scripts/AnimacionesPlayer.cs
  artifactKey: Guid(d1cb9f8af6723ee45a11504f67555ff9) Importer(2089858483,0ecaa5967403d082aa24f35e1b516d23)
Start importing Assets/Scripts/AnimacionesPlayer.cs using Guid(d1cb9f8af6723ee45a11504f67555ff9) Importer(2089858483,0ecaa5967403d082aa24f35e1b516d23) Generated GUIDs only implemented for interfaces!
 -> (artifact id: 'e4a33dbbb6e9d4f06e264aa2625ba2a9') in 0.003506 seconds
Number of updated asset objects reloaded before import = 0
Number of asset objects unloaded after import = 1
========================================================================
Received Import Request.
  Time since last request: 0.000016 seconds.
  path: Assets/Scripts/Damagable.cs
  artifactKey: Guid(83c9e04537b1ff244adb533b401a3906) Importer(2089858483,0ecaa5967403d082aa24f35e1b516d23)
Start importing Assets/Scripts/Damagable.cs using Guid(83c9e04537b1ff244adb533b401a3906) Importer(2089858483,0ecaa5967403d082aa24f35e1b516d23) Generated GUIDs only implemented for interfaces!
 -> (artifact id: 'c6f22b4e5b6cf2ff5b160eb420d7dba0') in 0.003659 seconds
Number of updated asset objects reloaded before import = 0
Number of asset objects unloaded after import = 1
========================================================================
Received Import Request.
  Time since last request: 0.000023 seconds.
  path: Assets/Scripts/DatosSalto.cs
  artifactKey: Guid(355542e550dff4e4097c0854dfa42a3a) Importer(2089858483,0ecaa5967403d082aa24f35e1b516d23)
Start importing Assets/Scripts/DatosSalto.cs using Guid(355542e550dff4e4097c0854dfa42a3a) Importer(2089858483,0ecaa5967403d082aa24f35e1b516d23) Generated GUIDs only implemented for interfaces!
 -> (artifact id: '68a4565b1a1cd308d572e0a7c7ac4072') in 0.003861 seconds
Number of updated asset objects reloaded before import = 0
Number of asset objects unloaded after import = 1
========================================================================
Received Import Request.
  Time since last request: 0.000017 seconds.
  path: Assets/Scripts/CheckPointSystem.cs
  artifactKey: Guid(a975bd73aa29ba542bf12252f4a0162c) Importer(2089858483,0ecaa5967403d082aa24f35e1b516d23)
Start importing Assets/Scripts/CheckPointSystem.cs using Guid(a975bd73aa29ba542bf12252f4a0162c) Importer(2089858483,0ecaa5967403d082aa24f35e1b516d23) Generated GUIDs only implemented for interfaces!
 -> (artifact id: '596dc6bd8f2a8dadfa02d895871ca0c4') in 0.003648 seconds
Number of updated asset objects reloaded before import = 0
Number of asset objects unloaded after import = 1
========================================================================
Received Import Request.
  Time since last request: 0.000013 seconds.
  path: Assets/Scripts/GroundChecker.cs
  artifactKey: Guid(0dd6a2117e2a97c45b3d428ef8cbc05c) Importer(2089858483,0ecaa5967403d082aa24f35e1b516d23)
Start importing Assets/Scripts/GroundChecker.cs using Guid(0dd6a2117e2a97c45b3d428ef8cbc05c) Importer(2089858483,0ecaa5967403d082aa24f35e1b516d23) Generated GUIDs only implemented for interfaces!
 -> (artifact id: '690869004f0afc586c81c239bd9e9849') in 0.003654 seconds
Number of updated asset objects reloaded before import = 0
Number of asset objects unloaded after import = 1
========================================================================
Received Import Request.
  Time since last request: 0.000015 seconds.
  path: Assets/Animaciones/Elementos/Checkpoint.controller
  artifactKey: Guid(811a4e59bb6430645baf34d8a2add54d) Importer(2089858483,0ecaa5967403d082aa24f35e1b516d23)
Start importing Assets/Animaciones/Elementos/Checkpoint.controller using Guid(811a4e59bb6430645baf34d8a2add54d) Importer(2089858483,0ecaa5967403d082aa24f35e1b516d23) Generated GUIDs only implemented for interfaces!
 -> (artifact id: 'b825d36a8358d159b4fd0f2aa3a39e96') in 0.006069 seconds
Number of updated asset objects reloaded before import = 0
Number of asset objects unloaded after import = 5
========================================================================
Received Import Request.
  Time since last request: 0.000017 seconds.
  path: Assets/Scripts/Disparar.cs
  artifactKey: Guid(b48c6a186b28acf42be1222a0cc447ca) Importer(2089858483,0ecaa5967403d082aa24f35e1b516d23)
Start importing Assets/Scripts/Disparar.cs using Guid(b48c6a186b28acf42be1222a0cc447ca) Importer(2089858483,0ecaa5967403d082aa24f35e1b516d23) Generated GUIDs only implemented for interfaces!
 -> (artifact id: '70e8e98bf098282ae646fc6c8f63eba1') in 0.003434 seconds
Number of updated asset objects reloaded before import = 0
Number of asset objects unloaded after import = 1
========================================================================
Received Import Request.
  Time since last request: 0.000014 seconds.
  path: Assets/materiales/efectoBala.mat
  artifactKey: Guid(fdda0414de1562740aedb3bc12ed349f) Importer(2089858483,0ecaa5967403d082aa24f35e1b516d23)
Start importing Assets/materiales/efectoBala.mat using Guid(fdda0414de1562740aedb3bc12ed349f) Importer(2089858483,0ecaa5967403d082aa24f35e1b516d23) Generated GUIDs only implemented for interfaces!
 -> (artifact id: '8880b7b54f1c81c61d8e79a79a0d9bbf') in 0.006334 seconds
Number of updated asset objects reloaded before import = 0
Number of asset objects unloaded after import = 1
========================================================================
Received Import Request.
  Time since last request: 0.000013 seconds.
  path: Assets/Animaciones/Enemigo/muere.anim
  artifactKey: Guid(a549a65751eb4b046bbb69375cf036af) Importer(2089858483,0ecaa5967403d082aa24f35e1b516d23)
Start importing Assets/Animaciones/Enemigo/muere.anim using Guid(a549a65751eb4b046bbb69375cf036af) Importer(2089858483,0ecaa5967403d082aa24f35e1b516d23) Generated GUIDs only implemented for interfaces!
 -> (artifact id: '4ac7358c5b7edbf1f5510cdfb1599815') in 0.004475 seconds
Number of updated asset objects reloaded before import = 0
Number of asset objects unloaded after import = 1
========================================================================
Received Import Request.
  Time since last request: 0.000015 seconds.
  path: Assets/Audios/Sound FX/Enemigos/muere2.wav
  artifactKey: Guid(f57d76b4da00d064fae27ef74b3a2d84) Importer(2089858483,0ecaa5967403d082aa24f35e1b516d23)
Start importing Assets/Audios/Sound FX/Enemigos/muere2.wav using Guid(f57d76b4da00d064fae27ef74b3a2d84) Importer(2089858483,0ecaa5967403d082aa24f35e1b516d23) Generated GUIDs only implemented for interfaces!
 -> (artifact id: '8ef053721cdebf053cb43eb973617980') in 0.047716 seconds
Number of updated asset objects reloaded before import = 0
Number of asset objects unloaded after import = 1
========================================================================
Received Import Request.
  Time since last request: 0.000015 seconds.
  path: Assets/Scripts/SoundFXManager.cs
  artifactKey: Guid(94fe04039f123aa43a4a82ac73ffac31) Importer(2089858483,0ecaa5967403d082aa24f35e1b516d23)
Start importing Assets/Scripts/SoundFXManager.cs using Guid(94fe04039f123aa43a4a82ac73ffac31) Importer(2089858483,0ecaa5967403d082aa24f35e1b516d23) Generated GUIDs only implemented for interfaces!
 -> (artifact id: '674d55a75487ab1ce93827b661851c93') in 0.004929 seconds
Number of updated asset objects reloaded before import = 0
Number of asset objects unloaded after import = 1
========================================================================
Received Import Request.
  Time since last request: 0.000014 seconds.
  path: Assets/Settings/Scenes/URP2DSceneTemplate.unity
  artifactKey: Guid(2cda990e2423bbf4892e6590ba056729) Importer(2089858483,0ecaa5967403d082aa24f35e1b516d23)
Start importing Assets/Settings/Scenes/URP2DSceneTemplate.unity using Guid(2cda990e2423bbf4892e6590ba056729) Importer(2089858483,0ecaa5967403d082aa24f35e1b516d23) Generated GUIDs only implemented for interfaces!
 -> (artifact id: '78b11126d0b51d48f1ed3f84cb649899') in 0.003140 seconds
Number of updated asset objects reloaded before import = 0
Number of asset objects unloaded after import = 1
========================================================================
Received Import Request.
  Time since last request: 0.000020 seconds.
  path: Assets/Prefabs/chispas2.prefab
  artifactKey: Guid(fe38aaa510b7f51438b3217225248fd2) Importer(2089858483,0ecaa5967403d082aa24f35e1b516d23)
Start importing Assets/Prefabs/chispas2.prefab using Guid(fe38aaa510b7f51438b3217225248fd2) Importer(2089858483,0ecaa5967403d082aa24f35e1b516d23) Generated GUIDs only implemented for interfaces!
 -> (artifact id: 'b56545cdfd625598c45258b6ae97eba9') in 0.039206 seconds
Number of updated asset objects reloaded before import = 0
Number of asset objects unloaded after import = 10
========================================================================
Received Import Request.
  Time since last request: 0.000015 seconds.
  path: Assets/Sprites/9Sliced.png
  artifactKey: Guid(f6958a8cfea748249845c048a80fb140) Importer(2089858483,0ecaa5967403d082aa24f35e1b516d23)
Start importing Assets/Sprites/9Sliced.png using Guid(f6958a8cfea748249845c048a80fb140) Importer(2089858483,0ecaa5967403d082aa24f35e1b516d23) Generated GUIDs only implemented for interfaces!
 -> (artifact id: 'cbd6b71a27b4c19686c82dd299dad389') in 0.056343 seconds
Number of updated asset objects reloaded before import = 0
Number of asset objects unloaded after import = 3
========================================================================
Received Import Request.
  Time since last request: 0.000033 seconds.
  path: Assets/Scripts/Trampa.cs
  artifactKey: Guid(a14411a5c5cfed34b9b9a7415c087bdb) Importer(2089858483,0ecaa5967403d082aa24f35e1b516d23)
Start importing Assets/Scripts/Trampa.cs using Guid(a14411a5c5cfed34b9b9a7415c087bdb) Importer(2089858483,0ecaa5967403d082aa24f35e1b516d23) Generated GUIDs only implemented for interfaces!
 -> (artifact id: '9ae520b4b4412d580f297d8c56494ab6') in 0.005055 seconds
Number of updated asset objects reloaded before import = 0
Number of asset objects unloaded after import = 1
========================================================================
Received Import Request.
  Time since last request: 0.000027 seconds.
  path: Assets/Sprites/Square.png
  artifactKey: Guid(1a6b91584a745c74794fc5f990b2c238) Importer(2089858483,0ecaa5967403d082aa24f35e1b516d23)
Start importing Assets/Sprites/Square.png using Guid(1a6b91584a745c74794fc5f990b2c238) Importer(2089858483,0ecaa5967403d082aa24f35e1b516d23) Generated GUIDs only implemented for interfaces!
 -> (artifact id: '2083e94cf75e6e9ad6a3ec709414b539') in 0.030205 seconds
Number of updated asset objects reloaded before import = 0
Number of asset objects unloaded after import = 3
========================================================================
Received Import Request.
  Time since last request: 0.000024 seconds.
  path: Assets/Scripts/PrevenirDispararPiso.cs
  artifactKey: Guid(6852a3e5e8603d542bd54aebd4d6a2aa) Importer(2089858483,0ecaa5967403d082aa24f35e1b516d23)
Start importing Assets/Scripts/PrevenirDispararPiso.cs using Guid(6852a3e5e8603d542bd54aebd4d6a2aa) Importer(2089858483,0ecaa5967403d082aa24f35e1b516d23) Generated GUIDs only implemented for interfaces!
 -> (artifact id: 'b8f10f0c8abfba48c0cd955027fa1228') in 0.004306 seconds
Number of updated asset objects reloaded before import = 0
Number of asset objects unloaded after import = 1
========================================================================
Received Import Request.
  Time since last request: 0.000020 seconds.
  path: Assets/Scripts/LibreriaDeSonidos.cs
  artifactKey: Guid(f21d5b5da066d2d47af28727222d2281) Importer(2089858483,0ecaa5967403d082aa24f35e1b516d23)
Start importing Assets/Scripts/LibreriaDeSonidos.cs using Guid(f21d5b5da066d2d47af28727222d2281) Importer(2089858483,0ecaa5967403d082aa24f35e1b516d23) Generated GUIDs only implemented for interfaces!
 -> (artifact id: '806cfb8b966a345d927274e1a1a7bfa1') in 0.005208 seconds
Number of updated asset objects reloaded before import = 0
Number of asset objects unloaded after import = 1
========================================================================
Received Import Request.
  Time since last request: 0.000018 seconds.
  path: Assets/Scripts/Proyectil.cs
  artifactKey: Guid(8527f85d35ed2584a8bc6f3b10b24c0f) Importer(2089858483,0ecaa5967403d082aa24f35e1b516d23)
Start importing Assets/Scripts/Proyectil.cs using Guid(8527f85d35ed2584a8bc6f3b10b24c0f) Importer(2089858483,0ecaa5967403d082aa24f35e1b516d23) Generated GUIDs only implemented for interfaces!
 -> (artifact id: '893ad378c92b88dcd2c0d30c92d13602') in 0.003565 seconds
Number of updated asset objects reloaded before import = 0
Number of asset objects unloaded after import = 1
========================================================================
Received Import Request.
  Time since last request: 0.000014 seconds.
  path: Assets/Audios/Sound FX/ImpactoBalas/impactoBala1.wav
  artifactKey: Guid(c094241250d34824e98c70d039827cfb) Importer(2089858483,0ecaa5967403d082aa24f35e1b516d23)
Start importing Assets/Audios/Sound FX/ImpactoBalas/impactoBala1.wav using Guid(c094241250d34824e98c70d039827cfb) Importer(2089858483,0ecaa5967403d082aa24f35e1b516d23) Generated GUIDs only implemented for interfaces!
 -> (artifact id: '2ccaf1408a909e378b41ac1cda876c14') in 0.053698 seconds
Number of updated asset objects reloaded before import = 0
Number of asset objects unloaded after import = 1
========================================================================
Received Import Request.
  Time since last request: 0.000017 seconds.
  path: Assets/Audios/Librerias de Audio/Splat.asset
  artifactKey: Guid(37609fcfa34ef694f8118b21efc062de) Importer(2089858483,0ecaa5967403d082aa24f35e1b516d23)
Start importing Assets/Audios/Librerias de Audio/Splat.asset using Guid(37609fcfa34ef694f8118b21efc062de) Importer(2089858483,0ecaa5967403d082aa24f35e1b516d23) Generated GUIDs only implemented for interfaces!
 -> (artifact id: '4edfcd92542deb7847615aec3ede499b') in 0.019458 seconds
Number of updated asset objects reloaded before import = 0
Number of asset objects unloaded after import = 5
========================================================================
Received Import Request.
  Time since last request: 0.000012 seconds.
  path: Assets/Audios/Sound FX/Pasos/paso3.wav
  artifactKey: Guid(7ecf80355fb2c964aab2f66009d9cca6) Importer(2089858483,0ecaa5967403d082aa24f35e1b516d23)
Start importing Assets/Audios/Sound FX/Pasos/paso3.wav using Guid(7ecf80355fb2c964aab2f66009d9cca6) Importer(2089858483,0ecaa5967403d082aa24f35e1b516d23) Generated GUIDs only implemented for interfaces!
 -> (artifact id: 'b5ca2c7a464913fc24fe525c84c357e8') in 0.055232 seconds
Number of updated asset objects reloaded before import = 0
Number of asset objects unloaded after import = 1
========================================================================
Received Import Request.
  Time since last request: 0.000016 seconds.
  path: Assets/Audios/Librerias de Audio/Impacto Bala.asset
  artifactKey: Guid(21544e183eabece44b77c3284666b00b) Importer(2089858483,0ecaa5967403d082aa24f35e1b516d23)
Start importing Assets/Audios/Librerias de Audio/Impacto Bala.asset using Guid(21544e183eabece44b77c3284666b00b) Importer(2089858483,0ecaa5967403d082aa24f35e1b516d23) Generated GUIDs only implemented for interfaces!
 -> (artifact id: '4b2238b2984b1f47b6627529729edbf1') in 0.006456 seconds
Number of updated asset objects reloaded before import = 0
Number of asset objects unloaded after import = 2
========================================================================
Received Import Request.
  Time since last request: 0.000019 seconds.
  path: Assets/Audios/Sound FX/Pasos/paso2.wav
  artifactKey: Guid(1bc226a0653cb53438ec58bbf645d2c1) Importer(2089858483,0ecaa5967403d082aa24f35e1b516d23)
Start importing Assets/Audios/Sound FX/Pasos/paso2.wav using Guid(1bc226a0653cb53438ec58bbf645d2c1) Importer(2089858483,0ecaa5967403d082aa24f35e1b516d23) Generated GUIDs only implemented for interfaces!
 -> (artifact id: '6ff98ae33382524aea7c92334d145e14') in 0.044494 seconds
Number of updated asset objects reloaded before import = 0
Number of asset objects unloaded after import = 1
========================================================================
Received Import Request.
  Time since last request: 0.000013 seconds.
  path: Assets/materiales/noFriccion.physicsMaterial2D
  artifactKey: Guid(12edc54dc3c96bf499e6d4f0003d5929) Importer(2089858483,0ecaa5967403d082aa24f35e1b516d23)
Start importing Assets/materiales/noFriccion.physicsMaterial2D using Guid(12edc54dc3c96bf499e6d4f0003d5929) Importer(2089858483,0ecaa5967403d082aa24f35e1b516d23) Generated GUIDs only implemented for interfaces!
 -> (artifact id: '6dc1aa0a9a22f739e8397a03148c70de') in 0.005528 seconds
Number of updated asset objects reloaded before import = 0
Number of asset objects unloaded after import = 1
Editor requested this worker to shutdown with reason: Scaling down because of idle timeout
TcpMessagingSession - receive error: operation aborted. errorcode: 995, details: La operación de E/S se anuló por una salida de subproceso o por una solicitud de aplicación.
AssetImportWorker is now disconnected from the server
Process exiting
Exiting without the bug reporter. Application will terminate with return code 0